2023-12-18 09:06:56.386293 : Login Successfully
2023-12-18 09:06:56.386293 : List get Successfully
2023-12-18 09:06:56.386293 : List get Successfully
2023-12-18 09:08:07.292146 : Login Successfully
2023-12-18 09:08:07.292146 : List get Successfully
2023-12-18 09:08:07.292146 : List get Successfully
2023-12-18 09:08:07.292146 : Favourite Food created Successfully
2023-12-18 09:08:07.292146 : List get Successfully
2023-12-18 09:10:01.956292 : Login Successfully
2023-12-18 09:10:01.956292 : List get Successfully
2023-12-18 09:10:01.956292 : List get Successfully
2023-12-18 09:10:01.956292 : Nearby Foodtrucks get successfully
2023-12-18 09:10:01.956292 : List get Successfully
2023-12-18 09:10:01.956292 : List get Successfully
2023-12-18 09:10:01.956292 : Nearby Foodtrucks get successfully
2023-12-18 09:10:01.956292 : Nearby Foodtrucks get successfully
2023-12-18 09:10:01.956292 : Nearby Foodtrucks get successfully
2023-12-18 09:10:01.956292 : {'food_name': [ErrorDetail(string='This field may not be blank.', code='blank')]} : Failed to create Food
2023-12-18 09:10:01.956292 : List get Successfully
2023-12-18 09:10:01.956292 : Favourite Food created Successfully
2023-12-18 09:10:01.956292 : List get Successfully
2023-12-18 09:10:01.956292 : Nearby Foodtrucks get successfully
2023-12-18 09:10:01.956292 : Nearby Foodtrucks get successfully
2023-12-18 09:21:52.117904 : Login Successfully
2023-12-18 09:21:52.117904 : List get Successfully
2023-12-18 09:21:52.117904 : List get Successfully
2023-12-18 09:21:52.117904 : Nearby Foodtrucks get successfully
2023-12-18 09:21:52.117904 : Nearby Foodtrucks get successfully
2023-12-18 09:21:52.117904 : Nearby Foodtrucks get successfully
2023-12-18 09:21:52.117904 : Nearby Foodtrucks get successfully
2023-12-18 09:21:52.117904 : Nearby Foodtrucks get successfully
2023-12-18 09:21:52.117904 : Nearby Foodtrucks get successfully
2023-12-18 09:21:52.117904 : Nearby Foodtrucks get successfully
2023-12-18 09:21:52.117904 : Nearby Foodtrucks get successfully
2023-12-18 09:21:52.117904 : Nearby Foodtrucks get successfully
2023-12-18 09:21:52.117904 : Nearby Foodtrucks get successfully
2023-12-18 09:21:52.117904 : Nearby Foodtrucks get successfully
2023-12-18 09:21:52.117904 : Nearby Foodtrucks get successfully
2023-12-18 09:21:52.117904 : Nearby Foodtrucks get successfully
2023-12-18 09:21:52.117904 : Nearby Foodtrucks get successfully
2023-12-18 09:21:52.117904 : Nearby Foodtrucks get successfully
2023-12-18 09:21:52.117904 : Nearby Foodtrucks get successfully
2023-12-18 09:24:12.933219 : Login Successfully
2023-12-18 09:24:12.933219 : List get Successfully
2023-12-18 09:24:12.933219 : List get Successfully
2023-12-18 09:28:09.469761 : Login Successfully
2023-12-18 09:28:09.469761 : Login Successfully
2023-12-18 09:37:13.581252 : Login Successfully
